\BOOKMARK [0][-]{dummy.1}{\376\377\000A\000b\000s\000t\000r\000a\000c\000t}{}% 1
\BOOKMARK [0][-]{dummy.2}{\376\377\000A\000c\000k\000n\000o\000w\000l\000e\000d\000g\000e\000m\000e\000n\000t\000s}{}% 2
\BOOKMARK [0][-]{dummy.3}{\376\377\000C\000o\000n\000t\000e\000n\000t\000s}{}% 3
\BOOKMARK [0][-]{dummy.5}{\376\377\000L\000i\000s\000t\000\040\000o\000f\000\040\000F\000i\000g\000u\000r\000e\000s}{}% 4
\BOOKMARK [0][-]{dummy.7}{\376\377\000L\000i\000s\000t\000\040\000o\000f\000\040\000T\000a\000b\000l\000e\000s}{}% 5
\BOOKMARK [0][-]{dummy.9}{\376\377\000S\000y\000m\000b\000o\000l\000s}{}% 6
\BOOKMARK [0][-]{chapter.12}{\376\377\0001\000\040\000I\000n\000t\000r\000o\000d\000u\000c\000t\000i\000o\000n}{}% 7
\BOOKMARK [0][-]{chapter.13}{\376\377\0002\000\040\000P\000r\000e\000l\000i\000m\000i\000n\000a\000r\000i\000e\000s}{}% 8
\BOOKMARK [1][-]{section.14}{\376\377\0002\000.\0001\000\040\000D\000e\000f\000i\000n\000i\000t\000i\000o\000n\000s\000\040\000a\000n\000d\000\040\000n\000o\000t\000a\000t\000i\000o\000n\000s}{chapter.13}% 9
\BOOKMARK [1][-]{section.15}{\376\377\0002\000.\0002\000\040\000P\000r\000o\000b\000l\000e\000m\000\040\000S\000t\000a\000t\000e\000m\000e\000n\000t}{chapter.13}% 10
\BOOKMARK [1][-]{section.16}{\376\377\0002\000.\0003\000\040\000R\000e\000l\000a\000t\000e\000d\000\040\000w\000o\000r\000k}{chapter.13}% 11
\BOOKMARK [2][-]{subsection.17}{\376\377\0002\000.\0003\000.\0001\000\040\000P\000r\000o\000b\000l\000e\000m\000s\000\040\000a\000d\000d\000r\000e\000s\000s\000e\000d}{section.16}% 12
\BOOKMARK [2][-]{subsection.18}{\376\377\0002\000.\0003\000.\0002\000\040\000M\000e\000t\000h\000o\000d\000s\000\040\000u\000s\000e\000d}{section.16}% 13
\BOOKMARK [2][-]{subsection.19}{\376\377\0002\000.\0003\000.\0003\000\040\000E\000v\000a\000l\000u\000a\000t\000i\000o\000n\000\040\000m\000e\000t\000h\000o\000d\000s}{section.16}% 14
\BOOKMARK [2][-]{subsection.20}{\376\377\0002\000.\0003\000.\0004\000\040\000C\000r\000i\000t\000i\000c\000s}{section.16}% 15
\BOOKMARK [0][-]{chapter.21}{\376\377\0003\000\040\000G\000e\000n\000e\000r\000a\000t\000i\000v\000e\000\040\000H\000i\000d\000d\000e\000n\000\040\000C\000l\000a\000s\000s\000\040\000M\000o\000d\000e\000l\000\040\000f\000o\000r\000\040\000M\000i\000x\000e\000d\000\040\000D\000a\000t\000a\000\040\000T\000y\000p\000e\000s\000\040\000\050\000G\000H\000C\000M\000-\000M\000D\000T\000\051}{}% 16
\BOOKMARK [1][-]{section.22}{\376\377\0003\000.\0001\000\040\000H\000i\000d\000d\000e\000n\000\040\000C\000l\000a\000s\000s\000\040\000M\000o\000d\000e\000l\000\040\000f\000o\000r\000\040\000M\000i\000x\000e\000d\000\040\000D\000a\000t\000a\000\040\000T\000y\000p\000e\000s\000\040\000\050\000H\000C\000M\000-\000M\000D\000T\000\051}{chapter.21}% 17
\BOOKMARK [2][-]{subsection.23}{\376\377\0003\000.\0001\000.\0001\000\040\000H\000C\000M\000-\000M\000D\000T\000\040\000m\000o\000d\000e\000l}{section.22}% 18
\BOOKMARK [2][-]{subsection.24}{\376\377\0003\000.\0001\000.\0002\000\040\000R\000e\000l\000a\000t\000i\000o\000n\000s\000h\000i\000p\000\040\000b\000e\000t\000w\000e\000e\000n\000\040\000H\000C\000M\000-\000M\000D\000T\000\040\000a\000n\000d\000\040\000P\000r\000o\000b\000a\000b\000i\000l\000i\000s\000t\000i\000c\000\040\000L\000a\000t\000e\000n\000t\000\040\000S\000e\000m\000a\000n\000t\000i\000c\000\040\000I\000n\000d\000e\000x\000i\000n\000g\000\040\000\050\000p\000L\000S\000I\000\051}{section.22}% 19
\BOOKMARK [1][-]{section.25}{\376\377\0003\000.\0002\000\040\000G\000e\000n\000e\000r\000a\000t\000i\000v\000e\000\040\000H\000C\000M\000-\000M\000D\000T\000\040\000\050\000G\000H\000C\000M\000-\000M\000D\000T\000\051\000\040\000m\000o\000d\000e\000l}{chapter.21}% 20
\BOOKMARK [1][-]{section.26}{\376\377\0003\000.\0003\000\040\000G\000H\000C\000M\000-\000M\000D\000T\000\040\000i\000n\000f\000e\000r\000e\000n\000c\000e\000\040\000a\000n\000d\000\040\000p\000a\000r\000a\000m\000e\000t\000e\000r\000\040\000e\000s\000t\000i\000m\000a\000t\000i\000o\000n}{chapter.21}% 21
\BOOKMARK [2][-]{subsection.27}{\376\377\0003\000.\0003\000.\0001\000\040\000G\000i\000b\000b\000s\000\040\000s\000a\000m\000p\000l\000i\000n\000g}{section.26}% 22
\BOOKMARK [2][-]{subsection.28}{\376\377\0003\000.\0003\000.\0002\000\040\000H\000y\000p\000e\000r\000p\000a\000r\000a\000m\000e\000t\000e\000r\000s\000\040\000e\000s\000t\000i\000m\000a\000t\000i\000o\000n}{section.26}% 23
\BOOKMARK [1][-]{section.29}{\376\377\0003\000.\0004\000\040\000H\000a\000n\000d\000l\000i\000n\000g\000\040\000u\000n\000s\000e\000e\000n\000\040\000d\000a\000t\000a\000\040\000w\000i\000t\000h\000\040\000G\000H\000C\000M\000-\000M\000D\000T}{chapter.21}% 24
\BOOKMARK [1][-]{section.30}{\376\377\0003\000.\0005\000\040\000R\000e\000l\000a\000t\000i\000o\000n\000s\000h\000i\000p\000\040\000b\000e\000t\000w\000e\000e\000n\000\040\000G\000H\000C\000M\000-\000M\000D\000T\000\040\000a\000n\000d\000\040\000L\000a\000t\000e\000n\000t\000\040\000D\000i\000r\000i\000c\000h\000l\000e\000t\000\040\000A\000l\000l\000o\000c\000a\000t\000i\000o\000n\000\040\000\050\000L\000D\000A\000\051}{chapter.21}% 25
\BOOKMARK [0][-]{chapter.31}{\376\377\0004\000\040\000B\000a\000s\000e\000l\000i\000n\000e\000\040\000M\000o\000d\000e\000l\000s}{}% 26
\BOOKMARK [1][-]{section.32}{\376\377\0004\000.\0001\000\040\000S\000i\000n\000g\000u\000l\000a\000r\000\040\000V\000a\000l\000u\000e\000\040\000D\000e\000c\000o\000m\000p\000o\000s\000i\000t\000i\000o\000n\000\040\000\050\000S\000V\000D\000\051}{chapter.31}% 27
\BOOKMARK [2][-]{subsection.33}{\376\377\0004\000.\0001\000.\0001\000\040\000m\000a\000t\000r\000i\000x\000\040\000r\000e\000p\000r\000e\000s\000e\000n\000t\000a\000t\000i\000o\000n\000\040\000o\000f\000\040\000t\000h\000e\000\040\000s\000m\000a\000r\000t\000p\000h\000o\000n\000e\000\040\000l\000o\000g\000s}{section.32}% 28
\BOOKMARK [2][-]{subsection.34}{\376\377\0004\000.\0001\000.\0002\000\040\000T\000F\000-\000I\000D\000F\000\040\000t\000r\000a\000n\000s\000f\000o\000r\000m\000a\000t\000i\000o\000n}{section.32}% 29
\BOOKMARK [2][-]{subsection.35}{\376\377\0004\000.\0001\000.\0003\000\040\000P\000r\000e\000d\000i\000c\000t\000i\000o\000n\000s\000\040\000w\000i\000t\000h\000\040\000S\000V\000D}{section.32}% 30
\BOOKMARK [1][-]{section.36}{\376\377\0004\000.\0002\000\040\000L\000i\000n\000e\000a\000r\000l\000y\000\040\000C\000o\000n\000s\000t\000r\000a\000i\000n\000e\000d\000\040\000B\000a\000y\000e\000s\000i\000a\000n\000\040\000M\000a\000t\000r\000i\000x\000\040\000F\000a\000c\000t\000o\000r\000i\000z\000a\000t\000i\000o\000n\000\040\000\050\000L\000C\000B\000M\000F\000\051}{chapter.31}% 31
\BOOKMARK [2][-]{subsection.37}{\376\377\0004\000.\0002\000.\0001\000\040\000T\000h\000e\000\040\000L\000C\000B\000M\000F\000\040\000m\000o\000d\000e\000l}{section.36}% 32
\BOOKMARK [2][-]{subsection.38}{\376\377\0004\000.\0002\000.\0002\000\040\000L\000i\000n\000e\000a\000r\000\040\000c\000o\000n\000s\000t\000r\000a\000i\000n\000s\000\040\000f\000o\000r\000\040\000s\000m\000a\000r\000t\000p\000h\000o\000n\000e\000\040\000l\000o\000g\000s\000\040\000m\000a\000t\000r\000i\000x}{section.36}% 33
\BOOKMARK [2][-]{subsection.39}{\376\377\0004\000.\0002\000.\0003\000\040\000P\000r\000e\000d\000i\000c\000t\000i\000o\000n\000s\000\040\000w\000i\000t\000h\000\040\000L\000C\000B\000M\000F}{section.36}% 34
\BOOKMARK [1][-]{section.40}{\376\377\0004\000.\0003\000\040\000L\000a\000t\000e\000n\000t\000\040\000D\000i\000r\000i\000c\000h\000l\000e\000t\000\040\000A\000l\000l\000o\000c\000a\000t\000i\000o\000n\000\040\000\050\000L\000D\000A\000\051}{chapter.31}% 35
\BOOKMARK [0][-]{chapter.41}{\376\377\0005\000\040\000E\000v\000a\000l\000u\000a\000t\000i\000o\000n\000\040\000m\000e\000t\000r\000i\000c\000s}{}% 36
\BOOKMARK [1][-]{section.42}{\376\377\0005\000.\0001\000\040\000P\000e\000r\000p\000l\000e\000x\000i\000t\000y\000\040\000o\000f\000\040\000u\000n\000s\000e\000e\000n\000\040\000d\000a\000t\000a}{chapter.41}% 37
\BOOKMARK [1][-]{section.43}{\376\377\0005\000.\0002\000\040\000M\000i\000s\000s\000i\000n\000g\000\040\000F\000e\000a\000t\000u\000r\000e\000s\000\040\000p\000r\000e\000d\000i\000c\000t\000i\000o\000n}{chapter.41}% 38
\BOOKMARK [0][-]{chapter.44}{\376\377\0006\000\040\000R\000e\00