\BOOKMARK [0][-]{dummy.1}{\376\377\000D\000e\000c\000l\000a\000r\000a\000t\000i\000o\000n\000\040\000o\000f\000\040\000A\000u\000t\000h\000o\000r\000s\000h\000i\000p}{}% 1
\BOOKMARK [0][-]{dummy.2}{\376\377\000A\000b\000s\000t\000r\000a\000c\000t}{}% 2
\BOOKMARK [0][-]{dummy.3}{\376\377\000A\000c\000k\000n\000o\000w\000l\000e\000d\000g\000e\000m\000e\000n\000t\000s}{}% 3
\BOOKMARK [0][-]{dummy.4}{\376\377\000C\000o\000n\000t\000e\000n\000t\000s}{}% 4
\BOOKMARK [0][-]{dummy.6}{\376\377\000L\000i\000s\000t\000\040\000o\000f\000\040\000F\000i\000g\000u\000r\000e\000s}{}% 5
\BOOKMARK [0][-]{dummy.8}{\376\377\000L\000i\000s\000t\000\040\000o\000f\000\040\000T\000a\000b\000l\000e\000s}{}% 6
\BOOKMARK [0][-]{dummy.10}{\376\377\000A\000b\000b\000r\000e\000v\000i\000a\000t\000i\000o\000n\000s}{}% 7
\BOOKMARK [0][-]{dummy.13}{\376\377\000P\000h\000y\000s\000i\000c\000a\000l\000\040\000C\000o\000n\000s\000t\000a\000n\000t\000s}{}% 8
\BOOKMARK [0][-]{dummy.16}{\376\377\000S\000y\000m\000b\000o\000l\000s}{}% 9
\BOOKMARK [0][-]{chapter.19}{\376\377\0001\000\040\000I\000n\000t\000r\000o\000d\000u\000c\000t\000i\000o\000n}{}% 10
\BOOKMARK [1][-]{section.20}{\376\377\0001\000.\0001\000\040\000P\000r\000o\000b\000l\000e\000m\000\040\000s\000t\000a\000t\000e\000m\000e\000n\000t}{chapter.19}% 11
\BOOKMARK [1][-]{section.21}{\376\377\0001\000.\0002\000\040\000R\000e\000l\000a\000t\000e\000d\000\040\000w\000o\000r\000k}{chapter.19}% 12
\BOOKMARK [2][-]{subsection.22}{\376\377\0001\000.\0002\000.\0001\000\040\000P\000r\000o\000b\000l\000e\000m\000s\000\040\000a\000d\000d\000r\000e\000s\000s\000e\000d\000\040\000b\000y\000\040\000p\000r\000e\000v\000i\000o\000u\000s\000\040\000r\000e\000s\000e\000a\000r\000c\000h}{section.21}% 13
\BOOKMARK [2][-]{subsection.23}{\376\377\0001\000.\0002\000.\0002\000\040\000M\000e\000t\000h\000o\000d\000s\000\040\000u\000s\000e\000d\000\040\000i\000n\000\040\000p\000r\000e\000v\000i\000o\000u\000s\000\040\000r\000e\000s\000e\000a\000r\000c\000h}{section.21}% 14
\BOOKMARK [2][-]{subsection.24}{\376\377\0001\000.\0002\000.\0003\000\040\000C\000r\000i\000t\000i\000c\000s\000\040\000o\000n\000\040\000p\000r\000e\000v\000i\000o\000u\000s\000\040\000r\000e\000s\000e\000a\000r\000c\000h}{section.21}% 15
\BOOKMARK [2][-]{subsection.25}{\376\377\0001\000.\0002\000.\0004\000\040\000L\000a\000T\000e\000X\000\040\000o\000n\000\040\000a\000\040\000M\000a\000c}{section.21}% 16
\BOOKMARK [0][-]{chapter.26}{\376\377\0002\000\040\000E\000v\000a\000l\000u\000a\000t\000i\000o\000n\000\040\000s\000t\000r\000a\000t\000e\000g\000y}{}% 17
\BOOKMARK [1][-]{section.27}{\376\377\0002\000.\0001\000\040\000O\000t\000h\000e\000r\000\040\000m\000o\000d\000e\000l\000s\000\040\000a\000s\000\040\000b\000a\000s\000e\000l\000i\000n\000e\000s}{chapter.26}% 18
\BOOKMARK [2][-]{subsection.28}{\376\377\0002\000.\0001\000.\0001\000\040\000s\000i\000n\000g\000u\000l\000a\000r\000\040\000v\000a\000l\000u\000e\000\040\000d\000e\000c\000o\000m\000p\000o\000s\000i\000t\000i\000o\000n\000\040\000\050\000S\000V\000D\000\051}{section.27}% 19
\BOOKMARK [1][-]{section.29}{\376\377\0002\000.\0002\000\040\000M\000e\000t\000r\000i\000c\000s\000\040\000a\000n\000d\000\040\000t\000a\000r\000g\000e\000t\000\040\000s\000c\000o\000r\000e\000s}{chapter.26}% 20
\BOOKMARK [0][-]{chapter.30}{\376\377\0003\000\040\000R\000e\000s\000u\000l\000t\000s}{}% 21
\BOOKMARK [1][-]{section.31}{\376\377\0003\000.\0001\000\040\000P\000r\000e\000s\000e\000n\000t\000i\000n\000g\000\040\000t\000h\000e\000\040\000D\000a\000t\000a\000s\000e\000t}{chapter.30}% 22
\BOOKMARK [2][-]{subsection.32}{\376\377\0003\000.\0001\000.\0001\000\040\000S\000u\000b\000s\000e\000c\000t\000i\000o\000n\000\040\0001}{section.31}% 23
\BOOKMARK [2][-]{subsection.33}{\376\377\0003\000.\0001\000.\0002\000\040\000S\000u\000b\000s\000e\000c\000t\000i\000o\000n\000\040\0002}{section.31}% 24
\BOOKMARK [1][-]{section.34}{\376\377\0003\000.\0002\000\040\000E\000x\000p\000e\000r\000i\000m\000e\000n\000t\000a\000l\000\040\000r\000e\000s\000u\000l\000t\000s}{chapter.30}% 25
\BOOKMARK [0][-]{chapter.35}{\376\377\0004\000\040\000C\000o\000n\000c\000l\000u\000s\000i\000o\000n}{}% 26
\BOOKMARK [0][-]{appendix.36}{\376\377\000A\000\040\000A\000p\000p\000e\000n\000d\000i\000x\000\040\000T\000i\000t\000l\000e\000\040\000H\000e\000r\000e}{}% 27
